<?xml version="1.0" encoding="UTF-8"?>
<testsuite xmlns:xsi="http://www.w3.org/2001/XMLSchema-instance" xsi:noNamespaceSchemaLocation="https://maven.apache.org/surefire/maven-surefire-plugin/xsd/surefire-test-report-3.0.xsd" version="3.0" name="mn.edu.sict.ShapeTest" time="0.038" tests="5" errors="0" skipped="0" failures="0">
  <properties>
[...]
</properties>
  <testcase name="testMoveFunction" classname="mn.edu.sict.ShapeTest" time="0.017"/>
  <testcase name="testSetGhostPositionsAndGet" classname="mn.edu.sict.ShapeTest" time="0.002"/>
  <testcase name="testShapeInitialization" classname="mn.edu.sict.ShapeTest" time="0.001"/>
  <testcase name="testRotateFunctionNoShape" classname="mn.edu.sict.ShapeTest" time="0.0"/>
  <testcase name="testRotateWithValidBoard" classname="mn.edu.sict.ShapeTest" time="0.0"/>
</testsuite>