<?xml version="1.0" encoding="UTF-8"?>
<testsuite xmlns:xsi="http://www.w3.org/2001/XMLSchema-instance" xsi:noNamespaceSchemaLocation="https://maven.apache.org/surefire/maven-surefire-plugin/xsd/surefire-test-report-3.0.xsd" version="3.0" name="mn.edu.sict.TetrisTest" time="0.289" tests="18" errors="1" skipped="0" failures="3">
  <properties>
[...]
</properties>
  <testcase name="testCheckFullRowsAndRemoveRow" classname="mn.edu.sict.TetrisTest" time="0.233"/>
  <testcase name="testMultipleRowsScoring" classname="mn.edu.sict.TetrisTest" time="0.001"/>
  <testcase name="testScoreIncreaseWhenRowsCleared" classname="mn.edu.sict.TetrisTest" time="0.001"/>
  <testcase name="testClearBoard" classname="mn.edu.sict.TetrisTest" time="0.0"/>
  <testcase name="testTimerActionPerformsGameLogic" classname="mn.edu.sict.TetrisTest" time="0.009">
    <failure message="Piece should move down on timer event ==&gt; expected: &lt;6&gt; but was: &lt;5&gt;" type="org.opentest4j.AssertionFailedError"><![CDATA[org.opentest4j.AssertionFailedError: Piece should move down on timer event ==> expected: <6> but was: <5>
	at org.junit.jupiter.api.AssertionFailureBuilder.build(AssertionFailureBuilder.java:151)
	at org.junit.jupiter.api.AssertionFailureBuilder.buildAndThrow(AssertionFailureBuilder.java:132)
	at org.junit.jupiter.api.AssertEquals.failNotEqual(AssertEquals.java:197)
	at org.junit.jupiter.api.AssertEquals.assertEquals(AssertEquals.java:150)
	at org.junit.jupiter.api.Assertions.assertEquals(Assertions.java:563)
	at mn.edu.sict.TetrisTest.testTimerActionPerformsGameLogic(TetrisTest.java:292)
	at java.base/java.lang.reflect.Method.invoke(Method.java:568)
	at java.base/java.util.ArrayList.forEach(ArrayList.java:1511)
	at java.base/java.util.ArrayList.forEach(ArrayList.java:1511)
]]></failure>
  </testcase>
  <testcase name="testBestScoreDoesNotUpdateWhenNotExceeded" classname="mn.edu.sict.TetrisTest" time="0.001"/>
  <testcase name="testTryMoveSuccess" classname="mn.edu.sict.TetrisTest" time="0.002">
    <failure message="expected: &lt;6&gt; but was: &lt;5&gt;" type="org.opentest4j.AssertionFailedError"><![CDATA[org.opentest4j.AssertionFailedError: expected: <6> but was: <5>
	at org.junit.jupiter.api.AssertionFailureBuilder.build(AssertionFailureBuilder.java:151)
	at org.junit.jupiter.api.AssertionFailureBuilder.buildAndThrow(AssertionFailureBuilder.java:132)
	at org.junit.jupiter.api.AssertEquals.failNotEqual(AssertEquals.java:197)
	at org.junit.jupiter.api.AssertEquals.assertEquals(AssertEquals.java:150)
	at org.junit.jupiter.api.AssertEquals.assertEquals(AssertEquals.java:145)
	at org.junit.jupiter.api.Assertions.assertEquals(Assertions.java:531)
	at mn.edu.sict.TetrisTest.testTryMoveSuccess(TetrisTest.java:112)
	at java.base/java.lang.reflect.Method.invoke(Method.java:568)
	at java.base/java.util.ArrayList.forEach(ArrayList.java:1511)
	at java.base/java.util.ArrayList.forEach(ArrayList.java:1511)
]]></failure>
  </testcase>
  <testcase name="testLoadBestScore(Path)" classname="mn.edu.sict.TetrisTest" time="0.024"/>
  <testcase name="testBestScoreUpdatesWhenExceeded" classname="mn.edu.sict.TetrisTest" time="0.001"/>
  <testcase name="testTryMoveFalseOnOutOfBounds" classname="mn.edu.sict.TetrisTest" time="0.001"/>
  <testcase name="testUpdateGhostPieceDoesNotOverflow" classname="mn.edu.sict.TetrisTest" time="0.0"/>
  <testcase name="testOneLineDownTriggersDropWhenBlocked" classname="mn.edu.sict.TetrisTest" time="0.001"/>
  <testcase name="testOneLineDown" classname="mn.edu.sict.TetrisTest" time="0.001">
    <failure message="expected: &lt;7&gt; but was: &lt;6&gt;" type="org.opentest4j.AssertionFailedError"><![CDATA[org.opentest4j.AssertionFailedError: expected: <7> but was: <6>
	at org.junit.jupiter.api.AssertionFailureBuilder.build(AssertionFailureBuilder.java:151)
	at org.junit.jupiter.api.AssertionFailureBuilder.buildAndThrow(AssertionFailureBuilder.java:132)
	at org.junit.jupiter.api.AssertEquals.failNotEqual(AssertEquals.java:197)
	at org.junit.jupiter.api.AssertEquals.assertEquals(AssertEquals.java:150)
	at org.junit.jupiter.api.AssertEquals.assertEquals(AssertEquals.java:145)
	at org.junit.jupiter.api.Assertions.assertEquals(Assertions.java:531)
	at mn.edu.sict.TetrisTest.testOneLineDown(TetrisTest.java:197)
	at java.base/java.lang.reflect.Method.invoke(Method.java:568)
	at java.base/java.util.ArrayList.forEach(ArrayList.java:1511)
	at java.base/java.util.ArrayList.forEach(ArrayList.java:1511)
]]></failure>
  </testcase>
  <testcase name="testTimerActionWithFinishedPiece" classname="mn.edu.sict.TetrisTest" time="0.001"/>
  <testcase name="testGameStartSetsInitialState" classname="mn.edu.sict.TetrisTest" time="0.001"/>
  <testcase name="testSaveBestScore(Path)" classname="mn.edu.sict.TetrisTest" time="0.002"/>
  <testcase name="testCanMoveFalse" classname="mn.edu.sict.TetrisTest" time="0.0"/>
  <testcase name="testPieceDroppedUpdatesBoard" classname="mn.edu.sict.TetrisTest" time="0.0">
    <error message="Index -1 out of bounds for length 20" type="java.lang.ArrayIndexOutOfBoundsException"><![CDATA[java.lang.ArrayIndexOutOfBoundsException: Index -1 out of bounds for length 20
	at mn.edu.sict.Tetris.pieceDropped(Tetris.java:188)
	at java.base/jdk.internal.reflect.NativeMethodAccessorImpl.invoke0(Native Method)
	at java.base/jdk.internal.reflect.NativeMethodAccessorImpl.invoke(NativeMethodAccessorImpl.java:77)
	at java.base/jdk.internal.reflect.DelegatingMethodAccessorImpl.invoke(DelegatingMethodAccessorImpl.java:43)
	at java.base/java.lang.reflect.Method.invoke(Method.java:568)
	at mn.edu.sict.TestUtils.invokePieceDropped(TestUtils.java:137)
	at mn.edu.sict.TetrisTest.testPieceDroppedUpdatesBoard(TetrisTest.java:75)
	at java.base/java.lang.reflect.Method.invoke(Method.java:568)
	at java.base/java.util.ArrayList.forEach(ArrayList.java:1511)
	at java.base/java.util.ArrayList.forEach(ArrayList.java:1511)
]]></error>
  </testcase>
</testsuite>